# JRE version: Java(TM) SE Runtime Environment (8.0_144-b01) (build 1.8.0_144-b01)
# Java VM: Java HotSpot(TM) Client VM (25.144-b01 mixed mode windows-x86 )
Heap:
 def new generation   total 43520K, used 4504K [0x07000000, 0x09f30000, 0x11aa0000)
  eden space 38720K,   8% used [0x07000000, 0x073620e8, 0x095d0000)
  from space 4800K,  21% used [0x09a80000, 0x09b841a0, 0x09f30000)
  to   space 4800K,   0% used [0x095d0000, 0x095d0000, 0x09a80000)
 tenured generation   total 96476K, used 85922K [0x11aa0000, 0x178d7000, 0x27000000)
   the space 96476K,  89% used [0x11aa0000, 0x16e88ad8, 0x16e88c00, 0x178d7000)
 Metaspace       used 20340K, capacity 20884K, committed 20992K, reserved 21888K
GC Heap History (10 events):
Event: 9468.301 GC heap before
{Heap before GC invocations=52 (full 2):
 def new generation   total 43520K, used 835K [0x07000000, 0x09f30000, 0x11aa0000)
  eden space 38720K,   0% used [0x07000000, 0x07002f38, 0x095d0000)
  from space 4800K,  17% used [0x095d0000, 0x0969ded8, 0x09a80000)
  to   space 4800K,   0% used [0x09a80000, 0x09a80000, 0x09f30000)
 tenured generation   total 96476K, used 62073K [0x11aa0000, 0x178d7000, 0x27000000)
   the space 96476K,  64% used [0x11aa0000, 0x1573e730, 0x1573e800, 0x178d7000)
 Metaspace       used 20317K, capacity 20852K, committed 20864K, reserved 20864K
Event: 9468.308 GC heap after
Heap after GC invocations=53 (full 2):
 def new generation   total 43520K, used 824K [0x07000000, 0x09f30000, 0x11aa0000)
  eden space 38720K,   0% used [0x07000000, 0x07000000, 0x095d0000)
  from space 4800K,  17% used [0x09a80000, 0x09b4e160, 0x09f30000)
  to   space 4800K,   0% used [0x095d0000, 0x095d0000, 0x09a80000)
 tenured generation   total 96476K, used 62073K [0x11aa0000, 0x178d7000, 0x27000000)
   the space 96476K,  64% used [0x11aa0000, 0x1573e730, 0x1573e800, 0x178d7000)
 Metaspace       used 20317K, capacity 20852K, committed 20864K, reserved 20864K
}
Event: 9681.176 GC heap before
{Heap before GC invocations=53 (full 2):
 def new generation   total 43520K, used 39544K [0x07000000, 0x09f30000, 0x11aa0000)
  eden space 38720K, 100% used [0x07000000, 0x095d0000, 0x095d0000)
  from space 4800K,  17% used [0x09a80000, 0x09b4e160, 0x09f30000)
  to   space 4800K,   0% used [0x095d0000, 0x095d0000, 0x09a80000)
 tenured generation   total 96476K, used 62073K [0x11aa0000, 0x178d7000, 0x27000000)
   the space 96476K,  64% used [0x11aa0000, 0x1573e730, 0x1573e800, 0x178d7000)
 Metaspace       used 20317K, capacity 20852K, committed 20864K, reserved 20864K
Event: 9681.182 GC heap after
Heap after GC invocations=54 (full 2):
 def new generation   total 43520K, used 836K [0x07000000, 0x09f30000, 0x11aa0000)
  eden space 38720K,   0% used [0x07000000, 0x07000000, 0x095d0000)
  from space 4800K,  17% used [0x095d0000, 0x096a1010, 0x09a80000)
  to   space 4800K,   0% used [0x09a80000, 0x09a80000, 0x09f30000)
 tenured generation   total 96476K, used 62073K [0x11aa0000, 0x178d7000, 0x27000000)
   the space 96476K,  64% used [0x11aa0000, 0x1573e730, 0x1573e800, 0x178d7000)
 Metaspace       used 20317K, capacity 20852K, committed 20864K, reserved 20864K
}
Event: 9839.090 GC heap before
{Heap before GC invocations=54 (full 2):
 def new generation   total 43520K, used 39556K [0x07000000, 0x09f30000, 0x11aa0000)
  eden space 38720K, 100% used [0x07000000, 0x095d0000, 0x095d0000)
  from space 4800K,  17% used [0x095d0000, 0x096a1010, 0x09a80000)
  to   space 4800K,   0% used [0x09a80000, 0x09a80000, 0x09f30000)
 tenured generation   total 96476K, used 62073K [0x11aa0000, 0x178d7000, 0x27000000)
   the space 96476K,  64% used [0x11aa0000, 0x1573e730, 0x1573e800, 0x178d7000)
 Metaspace       used 20317K, capacity 20852K, committed 20864K, reserved 20864K
Event: 9839.092 GC heap after
Heap after GC invocations=55 (full 2):
 def new generation   total 43520K, used 945K [0x07000000, 0x09f30000, 0x11aa0000)
  eden space 38720K,   0% used [0x07000000, 0x07000000, 0x095d0000)
  from space 4800K,  19% used [0x09a80000, 0x09b6c558, 0x09f30000)
  to   space 4800K,   0% used [0x095d0000, 0x095d0000, 0x09a80000)
 tenured generation   total 96476K, used 62554K [0x11aa0000, 0x178d7000, 0x27000000)
   the space 96476K,  64% used [0x11aa0000, 0x157b6a18, 0x157b6c00, 0x178d7000)
 Metaspace       used 20317K, capacity 20852K, committed 20864K, reserved 20864K
}
Event: 10015.059 GC heap before
{Heap before GC invocations=55 (full 2):
 def new generation   total 43520K, used 36301K [0x07000000, 0x09f30000, 0x11aa0000)
  eden space 38720K,  91% used [0x07000000, 0x09286ef0, 0x095d0000)
  from space 4800K,  19% used [0x09a80000, 0x09b6c558, 0x09f30000)
  to   space 4800K,   0% used [0x095d0000, 0x095d0000, 0x09a80000)
 tenured generation   total 96476K, used 62554K [0x11aa0000, 0x178d7000, 0x27000000)
   the space 96476K,  64% used [0x11aa0000, 0x157b6a18, 0x157b6c00, 0x178d7000)
 Metaspace       used 20320K, capacity 20852K, committed 20864K, reserved 20864K
Event: 10015.069 GC heap after
Heap after GC invocations=56 (full 2):
 def new generation   total 43520K, used 364K [0x07000000, 0x09f30000, 0x11aa0000)
  eden space 38720K,   0% used [0x07000000, 0x07000000, 0x095d0000)
  from space 4800K,   7% used [0x095d0000, 0x0962b1d8, 0x09a80000)
  to   space 4800K,   0% used [0x09a80000, 0x09a80000, 0x09f30000)
 tenured generation   total 96476K, used 62558K [0x11aa0000, 0x178d7000, 0x27000000)
   the space 96476K,  64% used [0x11aa0000, 0x157b7b68, 0x157b7c00, 0x178d7000)
 Metaspace       used 20320K, capacity 20852K, committed 20864K, reserved 20864K
}
Event: 10044.817 GC heap before
{Heap before GC invocations=56 (full 2):
 def new generation   total 43520K, used 39084K [0x07000000, 0x09f30000, 0x11aa0000)
  eden space 38720K, 100% used [0x07000000, 0x095d0000, 0x095d0000)
  from space 4800K,   7% used [0x095d0000, 0x0962b1d8, 0x09a80000)
  to   space 4800K,   0% used [0x09a80000, 0x09a80000, 0x09f30000)
 tenured generation   total 96476K, used 62558K [0x11aa0000, 0x178d7000, 0x27000000)
   the space 96476K,  64% used [0x11aa0000, 0x157b7b68, 0x157b7c00, 0x178d7000)
 Metaspace       used 20340K, capacity 20884K, committed 20992K, reserved 21888K
Event: 10044.843 GC heap after
Heap after GC invocations=57 (full 2):
 def new generation   total 43520K, used 1040K [0x07000000, 0x09f30000, 0x11aa0000)
  eden space 38720K,   0% used [0x07000000, 0x07000000, 0x095d0000)
  from space 4800K,  21% used [0x09a80000, 0x09b841a0, 0x09f30000)
  to   space 4800K,   0% used [0x095d0000, 0x095d0000, 0x09a80000)
 tenured generation   total 96476K, used 85922K [0x11aa0000, 0x178d7000, 0x27000000)
   the space 96476K,  89% used [0x11aa0000, 0x16e88ad8, 0x16e88c00, 0x178d7000)
 Metaspace       used 20340K, capacity 20884K, committed 20992K, reserved 21888K
}

